pos: 0 value: int
pos: 168 value: divisorsSum
pos: 0 value: :
pos: 0 value: int
pos: 0 value: .
pos: 224 value: nr
pos: 0 value: [
pos: 0 value: int
pos: 0 value: .
pos: 85 value: sum
pos: 85 value: sum
pos: 0 value: :=
pos: 0 value: .
pos: 48 value: 0
pos: 0 value: int
pos: 0 value: .
pos: 105 value: i
pos: 105 value: i
pos: 0 value: =
pos: 0 value: .
pos: 49 value: 1
pos: 0 value: while
pos: 105 value: i
pos: 0 value: <=
pos: 224 value: nr
pos: 0 value: do
pos: 0 value: [
pos: 0 value: if
pos: 224 value: nr
pos: 0 value: %
pos: 105 value: i
pos: 0 value: =
pos: 48 value: 0
pos: 0 value: then
pos: 0 value: [
pos: 85 value: sum
pos: 0 value: :=
pos: 85 value: sum
pos: 0 value: +
pos: 0 value: .
pos: 105 value: i
pos: 0 value: ]
pos: 0 value: .
pos: 105 value: i
pos: 0 value: :=
pos: 105 value: i
pos: 0 value: +
pos: 0 value: .
pos: 49 value: 1
pos: 0 value: ]
pos: 0 value: .
pos: 0 value: return
pos: 0 value: .
pos: 85 value: sum
pos: 0 value: ]
pos: 0 value: .
