pos: 0 value: int
pos: 46 value: gcd
pos: 0 value: :
pos: 0 value: int
pos: 0 value: ,
pos: 97 value: a
pos: 0 value: int
pos: 98 value: b
pos: 0 value: [
pos: 0 value: while
pos: 97 value: a
pos: 0 value: !=
pos: 98 value: b
pos: 0 value: do
pos: 0 value: [
pos: 0 value: if
pos: 97 value: a
pos: 0 value: <
pos: 98 value: b
pos: 0 value: then
pos: 0 value: [
pos: 98 value: b
pos: 0 value: :=
pos: 98 value: b
pos: 0 value: -
pos: 97 value: a
pos: 0 value: ]
pos: 169 value: else
pos: 0 value: [
pos: 97 value: a
pos: 0 value: :=
pos: 97 value: a
pos: 0 value: -
pos: 98 value: b
pos: 0 value: ]
pos: 0 value: ]
pos: 0 value: return
pos: 97 value: a
pos: 0 value: ]
