pos: 0 value: bool
pos: 176 value: search:
pos: 0 value: int
pos: 164 value: x,
pos: 0 value: array
pos: 144 value: values
pos: 0 value: [
pos: 0 value: int
pos: 105 value: i
pos: 105 value: i
pos: 0 value: =
pos: 48 value: 0
pos: 0 value: while
pos: 105 value: i
pos: 0 value: <
pos: 63 value: len
pos: 0 value: (
pos: 144 value: values
pos: 0 value: )
pos: 0 value: do
pos: 0 value: [
pos: 0 value: if
pos: 144 value: values
pos: 0 value: {
pos: 105 value: i
pos: 0 value: }
pos: 0 value: =
pos: 120 value: x
pos: 0 value: then
pos: 0 value: [
pos: 0 value: return
pos: 192 value: true
pos: 0 value: ]
pos: 105 value: i
pos: 0 value: :=
pos: 105 value: i
pos: 0 value: +
pos: 49 value: 1
pos: 0 value: ]
pos: 0 value: return
pos: 11 value: false
pos: 0 value: ]
